<?xml version="1.0" encoding="UTF-8"?>
<testsuite xmlns:xsi="http://www.w3.org/2001/XMLSchema-instance" xsi:noNamespaceSchemaLocation="https://maven.apache.org/surefire/maven-surefire-plugin/xsd/surefire-test-report.xsd" version="3.0.2" name="com.example.test_geli.services.ProductServiceTest" time="0.134" tests="9" errors="2" skipped="0" failures="0">
  <properties>
[...]
</properties>
  <testcase name="updateVariantStock_InsufficientStock_ThrowsException" classname="com.example.test_geli.services.ProductServiceTest" time="0.118"/>
  <testcase name="getProductById_Success" classname="com.example.test_geli.services.ProductServiceTest" time="0.002">
    <error message="Cannot invoke &quot;com.example.test_geli.mappers.ProductMapper.toDto(com.example.test_geli.entity.ProductEntity)&quot; because &quot;this.productMapper&quot; is null" type="java.lang.NullPointerException"><![CDATA[java.lang.NullPointerException: Cannot invoke "com.example.test_geli.mappers.ProductMapper.toDto(com.example.test_geli.entity.ProductEntity)" because "this.productMapper" is null
	at com.example.test_geli.services.ProductService.getProductById(ProductService.java:43)
	at com.example.test_geli.services.ProductServiceTest.getProductById_Success(ProductServiceTest.java:98)
	at java.base/java.lang.reflect.Method.invoke(Method.java:565)
	at java.base/java.util.ArrayList.forEach(ArrayList.java:1604)
	at java.base/java.util.ArrayList.forEach(ArrayList.java:1604)
]]></error>
  </testcase>
  <testcase name="deleteProduct_NotFound_ThrowsException" classname="com.example.test_geli.services.ProductServiceTest" time="0.001"/>
  <testcase name="getProductById_NotFound_ThrowsException" classname="com.example.test_geli.services.ProductServiceTest" time="0.0"/>
  <testcase name="updateVariantStock_Success" classname="com.example.test_geli.services.ProductServiceTest" time="0.002"/>
  <testcase name="getProducts_Success" classname="com.example.test_geli.services.ProductServiceTest" time="0.001">
    <error message="Cannot invoke &quot;com.example.test_geli.mappers.ProductMapper.toDto(com.example.test_geli.entity.ProductEntity)&quot; because &quot;this.productMapper&quot; is null" type="java.lang.NullPointerException"><![CDATA[java.lang.NullPointerException: Cannot invoke "com.example.test_geli.mappers.ProductMapper.toDto(com.example.test_geli.entity.ProductEntity)" because "this.productMapper" is null
	at com.example.test_geli.services.ProductService.lambda$getProducts$0(ProductService.java:37)
	at java.base/java.util.stream.ReferencePipeline$3$1.accept(ReferencePipeline.java:215)
	at java.base/java.util.ArrayList$Itr.forEachRemaining(ArrayList.java:1086)
	at java.base/java.util.Spliterators$IteratorSpliterator.forEachRemaining(Spliterators.java:1939)
	at java.base/java.util.stream.AbstractPipeline.copyInto(AbstractPipeline.java:570)
	at java.base/java.util.stream.AbstractPipeline.wrapAndCopyInto(AbstractPipeline.java:560)
	at java.base/java.util.stream.ReduceOps$ReduceOp.evaluateSequential(ReduceOps.java:921)
	at java.base/java.util.stream.AbstractPipeline.evaluate(AbstractPipeline.java:265)
	at java.base/java.util.stream.ReferencePipeline.collect(ReferencePipeline.java:727)
	at org.springframework.data.domain.Chunk.getConvertedContent(Chunk.java:131)
	at org.springframework.data.domain.PageImpl.map(PageImpl.java:86)
	at com.example.test_geli.services.ProductService.getProducts(ProductService.java:37)
	at com.example.test_geli.services.ProductServiceTest.getProducts_Success(ProductServiceTest.java:67)
	at java.base/java.lang.reflect.Method.invoke(Method.java:565)
	at java.base/java.util.ArrayList.forEach(ArrayList.java:1604)
	at java.base/java.util.ArrayList.forEach(ArrayList.java:1604)
]]></error>
  </testcase>
  <testcase name="createProduct_DuplicateSku_ThrowsException" classname="com.example.test_geli.services.ProductServiceTest" time="0.001"/>
  <testcase name="deleteProduct_Success" classname="com.example.test_geli.services.ProductServiceTest" time="0.004"/>
  <testcase name="createProduct_Success" classname="com.example.test_geli.services.ProductServiceTest" time="0.001"/>
</testsuite>