<?xml version="1.0" encoding="UTF-8"?>
<testsuite xmlns:xsi="http://www.w3.org/2001/XMLSchema-instance" xsi:noNamespaceSchemaLocation="https://maven.apache.org/surefire/maven-surefire-plugin/xsd/surefire-test-report.xsd" version="3.0.2" name="com.example.test_geli.controller.ProductControllerTest" time="3.451" tests="5" errors="0" skipped="0" failures="0">
  <properties>
[...]
</properties>
  <testcase name="updateProduct" classname="com.example.test_geli.controller.ProductControllerTest" time="0.588">
    <system-out><![CDATA[19:28:50.025 [main] INFO org.springframework.test.context.support.AnnotationConfigContextLoaderUtils -- Could not detect default configuration classes for test class [com.example.test_geli.controller.ProductControllerTest]: ProductControllerTest does not declare any static, non-private, non-final, nested classes annotated with @Configuration.
19:28:50.105 [main] INFO org.springframework.boot.test.context.SpringBootTestContextBootstrapper -- Found @SpringBootConfiguration com.example.test_geli.TestGeliApplication for test class com.example.test_geli.controller.ProductControllerTest

  .   ____          _            __ _ _
 /\\ / ___'_ __ _ _(_)_ __  __ _ \ \ \ \
( ( )\___ | '_ | '_| | '_ \/ _` | \ \ \ \
 \\/  ___)| |_)| | | | | || (_| |  ) ) ) )
  '  |____| .__|_| |_|_| |_\__, | / / / /
 =========|_|==============|___/=/_/_/_/

 :: Spring Boot ::                (v3.5.4)

2026-04-08T19:28:50.306+07:00  INFO 75720 --- [test-geli] [           main] c.e.t.controller.ProductControllerTest   : Starting ProductControllerTest using Java 24.0.2 with PID 75720 (started by kenedynopriansyah in /Users/kenedynopriansyah/test/test-geli)
2026-04-08T19:28:50.306+07:00  INFO 75720 --- [test-geli] [           main] c.e.t.controller.ProductControllerTest   : No active profile set, falling back to 1 default profile: "default"
2026-04-08T19:28:50.569+07:00  INFO 75720 --- [test-geli] [           main] .s.d.r.c.RepositoryConfigurationDelegate : Bootstrapping Spring Data JPA repositories in DEFAULT mode.
2026-04-08T19:28:50.595+07:00  INFO 75720 --- [test-geli] [           main] .s.d.r.c.RepositoryConfigurationDelegate : Finished Spring Data repository scanning in 20 ms. Found 2 JPA repository interfaces.
2026-04-08T19:28:50.874+07:00  INFO 75720 --- [test-geli] [           main] o.s.b.w.embedded.tomcat.TomcatWebServer  : Tomcat initialized with port 0 (http)
2026-04-08T19:28:50.882+07:00  INFO 75720 --- [test-geli] [           main] o.apache.catalina.core.StandardService   : Starting service [Tomcat]
2026-04-08T19:28:50.882+07:00  INFO 75720 --- [test-geli] [           main] o.apache.catalina.core.StandardEngine    : Starting Servlet engine: [Apache Tomcat/10.1.43]
2026-04-08T19:28:50.900+07:00  INFO 75720 --- [test-geli] [           main] o.a.c.c.C.[Tomcat].[localhost].[/]       : Initializing Spring embedded WebApplicationContext
2026-04-08T19:28:50.900+07:00  INFO 75720 --- [test-geli] [           main] w.s.c.ServletWebServerApplicationContext : Root WebApplicationContext: initialization completed in 585 ms
2026-04-08T19:28:50.982+07:00  INFO 75720 --- [test-geli] [           main] com.zaxxer.hikari.HikariDataSource       : HikariPool-1 - Starting...
2026-04-08T19:28:51.345+07:00  INFO 75720 --- [test-geli] [           main] com.zaxxer.hikari.pool.HikariPool        : HikariPool-1 - Added connection org.sqlite.jdbc4.JDBC4Connection@1fe8f5e8
2026-04-08T19:28:51.349+07:00  INFO 75720 --- [test-geli] [           main] com.zaxxer.hikari.HikariDataSource       : HikariPool-1 - Start completed.
2026-04-08T19:28:51.379+07:00  INFO 75720 --- [test-geli] [           main] o.hibernate.jpa.internal.util.LogHelper  : HHH000204: Processing PersistenceUnitInfo [name: default]
2026-04-08T19:28:51.411+07:00  INFO 75720 --- [test-geli] [           main] org.hibernate.Version                    : HHH000412: Hibernate ORM core version 6.6.22.Final
2026-04-08T19:28:51.428+07:00  INFO 75720 --- [test-geli] [           main] o.h.c.internal.RegionFactoryInitiator    : HHH000026: Second-level cache disabled
2026-04-08T19:28:51.564+07:00  INFO 75720 --- [test-geli] [           main] o.s.o.j.p.SpringPersistenceUnitInfo      : No LoadTimeWeaver setup: ignoring JPA class transformer
2026-04-08T19:28:51.592+07:00  INFO 75720 --- [test-geli] [           main] org.hibernate.orm.connections.pooling    : HHH10001005: Database info:
	Database JDBC URL [Connecting through datasource 'HikariDataSource (HikariPool-1)']
	Database driver: undefined/unknown
	Database version: 3.34
	Autocommit mode: undefined/unknown
	Isolation level: undefined/unknown
	Minimum pool size: undefined/unknown
	Maximum pool size: undefined/unknown
2026-04-08T19:28:51.943+07:00  INFO 75720 --- [test-geli] [           main] o.h.e.t.j.p.i.JtaPlatformInitiator       : HHH000489: No JTA platform available (set 'hibernate.transaction.jta.platform' to enable JTA platform integration)
2026-04-08T19:28:51.953+07:00  INFO 75720 --- [test-geli] [           main] j.LocalContainerEntityManagerFactoryBean : Initialized JPA EntityManagerFactory for persistence unit 'default'
2026-04-08T19:28:52.270+07:00  WARN 75720 --- [test-geli] [           main] JpaBaseConfiguration$JpaWebConfiguration : spring.jpa.open-in-view is enabled by default. Therefore, database queries may be performed during view rendering. Explicitly configure spring.jpa.open-in-view to disable this warning
2026-04-08T19:28:52.538+07:00  INFO 75720 --- [test-geli] [           main] o.s.b.w.embedded.tomcat.TomcatWebServer  : Tomcat started on port 61046 (http) with context path '/'
2026-04-08T19:28:52.542+07:00  INFO 75720 --- [test-geli] [           main] c.e.t.controller.ProductControllerTest   : Started ProductControllerTest in 2.367 seconds (process running for 2.84)
2026-04-08T19:28:52.873+07:00  WARN 75720 --- [test-geli] [           main] o.y.snakeyaml.constructor.Constructor    : duplicate keys found : en
2026-04-08T19:28:53.040+07:00  INFO 75720 --- [test-geli] [o-auto-1-exec-1] o.a.c.c.C.[Tomcat].[localhost].[/]       : Initializing Spring DispatcherServlet 'dispatcherServlet'
2026-04-08T19:28:53.041+07:00  INFO 75720 --- [test-geli] [o-auto-1-exec-1] o.s.web.servlet.DispatcherServlet        : Initializing Servlet 'dispatcherServlet'
2026-04-08T19:28:53.041+07:00  INFO 75720 --- [test-geli] [o-auto-1-exec-1] o.s.web.servlet.DispatcherServlet        : Completed initialization in 0 ms
]]></system-out>
    <system-err><![CDATA[Mockito is currently self-attaching to enable the inline-mock-maker. This will no longer work in future releases of the JDK. Please add Mockito as an agent to your build as described in Mockito's documentation: https://javadoc.io/doc/org.mockito/mockito-core/latest/org.mockito/org/mockito/Mockito.html#0.3
WARNING: A Java agent has been loaded dynamically (/Users/kenedynopriansyah/.m2/repository/net/bytebuddy/byte-buddy-agent/1.17.6/byte-buddy-agent-1.17.6.jar)
WARNING: If a serviceability tool is in use, please run with -XX:+EnableDynamicAgentLoading to hide this warning
WARNING: If a serviceability tool is not in use, please run with -Djdk.instrument.traceUsage for more information
WARNING: Dynamic loading of agents will be disallowed by default in a future release
]]></system-err>
  </testcase>
  <testcase name="getProductDetail" classname="com.example.test_geli.controller.ProductControllerTest" time="0.018"/>
  <testcase name="deleteProduct" classname="com.example.test_geli.controller.ProductControllerTest" time="0.165"/>
  <testcase name="testGetProducts" classname="com.example.test_geli.controller.ProductControllerTest" time="0.017"/>
  <testcase name="createProduct" classname="com.example.test_geli.controller.ProductControllerTest" time="0.057">
    <system-out><![CDATA[2026-04-08T19:28:53.363+07:00  WARN 75720 --- [test-geli] [           main] o.y.snakeyaml.constructor.Constructor    : duplicate keys found : en
]]></system-out>
  </testcase>
</testsuite>